0 info it worked if it ends with ok
1 verbose cli [ '/usr/local/bin/node',
1 verbose cli   '/usr/local/bin/npm',
1 verbose cli   'install',
1 verbose cli   'supervisor',
1 verbose cli   '-g' ]
2 info using npm@3.10.5
3 info using node@v4.4.0
4 silly loadCurrentTree Starting
5 silly install loadCurrentTree
6 silly install readGlobalPackageData
7 silly fetchPackageMetaData supervisor
8 silly fetchNamedPackageData supervisor
9 silly mapToRegistry name supervisor
10 silly mapToRegistry using default registry
11 silly mapToRegistry registry http://registry.npm.taobao.org/
12 silly mapToRegistry data Result {
12 silly mapToRegistry   raw: 'supervisor',
12 silly mapToRegistry   scope: null,
12 silly mapToRegistry   escapedName: 'supervisor',
12 silly mapToRegistry   name: 'supervisor',
12 silly mapToRegistry   rawSpec: '',
12 silly mapToRegistry   spec: 'latest',
12 silly mapToRegistry   type: 'tag' }
13 silly mapToRegistry uri http://registry.npm.taobao.org/supervisor
14 verbose request uri http://registry.npm.taobao.org/supervisor
15 verbose request no auth needed
16 info attempt registry request try #1 at 20:45:31
17 verbose request id b139af7f4e5b6a28
18 http request GET http://registry.npm.taobao.org/supervisor
19 http 200 http://registry.npm.taobao.org/supervisor
20 verbose headers { server: 'nginx/1.4.6 (Ubuntu)',
20 verbose headers   date: 'Fri, 12 Aug 2016 12:45:31 GMT',
20 verbose headers   'content-type': 'application/json; charset=utf-8',
20 verbose headers   'transfer-encoding': 'chunked',
20 verbose headers   connection: 'keep-alive',
20 verbose headers   'x-current-requests': '1',
20 verbose headers   'x-readtime': '42',
20 verbose headers   'content-encoding': 'gzip' }
21 silly get cb [ 200,
21 silly get   { server: 'nginx/1.4.6 (Ubuntu)',
21 silly get     date: 'Fri, 12 Aug 2016 12:45:31 GMT',
21 silly get     'content-type': 'application/json; charset=utf-8',
21 silly get     'transfer-encoding': 'chunked',
21 silly get     connection: 'keep-alive',
21 silly get     'x-current-requests': '1',
21 silly get     'x-readtime': '42',
21 silly get     'content-encoding': 'gzip' } ]
22 verbose get saving supervisor to /Users/zhangzhenguo/.npm/registry.npm.taobao.org/supervisor/.cache.json
23 verbose correctMkdir /Users/zhangzhenguo/.npm correctMkdir not in flight; initializing
24 silly install normalizeTree
25 silly loadCurrentTree Finishing
26 silly loadIdealTree Starting
27 silly install loadIdealTree
28 silly cloneCurrentTree Starting
29 silly install cloneCurrentTreeToIdealTree
30 silly cloneCurrentTree Finishing
31 silly loadShrinkwrap Starting
32 silly install loadShrinkwrap
33 silly loadShrinkwrap Finishing
34 silly loadAllDepsIntoIdealTree Starting
35 silly install loadAllDepsIntoIdealTree
36 silly resolveWithNewModule supervisor@0.11.0 checking installable status
37 silly cache add args [ 'supervisor', null ]
38 verbose cache add spec supervisor
39 silly cache add parsed spec Result {
39 silly cache add   raw: 'supervisor',
39 silly cache add   scope: null,
39 silly cache add   escapedName: 'supervisor',
39 silly cache add   name: 'supervisor',
39 silly cache add   rawSpec: '',
39 silly cache add   spec: 'latest',
39 silly cache add   type: 'tag' }
40 silly addNamed supervisor@latest
41 verbose addNamed "latest" is being treated as a dist-tag for supervisor
42 info addNameTag [ 'supervisor', 'latest' ]
43 silly mapToRegistry name supervisor
44 silly mapToRegistry using default registry
45 silly mapToRegistry registry http://registry.npm.taobao.org/
46 silly mapToRegistry data Result {
46 silly mapToRegistry   raw: 'supervisor',
46 silly mapToRegistry   scope: null,
46 silly mapToRegistry   escapedName: 'supervisor',
46 silly mapToRegistry   name: 'supervisor',
46 silly mapToRegistry   rawSpec: '',
46 silly mapToRegistry   spec: 'latest',
46 silly mapToRegistry   type: 'tag' }
47 silly mapToRegistry uri http://registry.npm.taobao.org/supervisor
48 verbose addNameTag registry:http://registry.npm.taobao.org/supervisor not in flight; fetching
49 verbose get http://registry.npm.taobao.org/supervisor not expired, no request
50 silly addNameTag next cb for supervisor with tag latest
51 silly addNamed supervisor@0.11.0
52 verbose addNamed "0.11.0" is a plain semver version for supervisor
53 silly mapToRegistry name supervisor
54 silly mapToRegistry using default registry
55 silly mapToRegistry registry http://registry.npm.taobao.org/
56 silly mapToRegistry data Result {
56 silly mapToRegistry   raw: 'supervisor',
56 silly mapToRegistry   scope: null,
56 silly mapToRegistry   escapedName: 'supervisor',
56 silly mapToRegistry   name: 'supervisor',
56 silly mapToRegistry   rawSpec: '',
56 silly mapToRegistry   spec: 'latest',
56 silly mapToRegistry   type: 'tag' }
57 silly mapToRegistry uri http://registry.npm.taobao.org/supervisor
58 verbose addRemoteTarball http://registry.npm.taobao.org/supervisor/download/supervisor-0.11.0.tgz not in flight; adding
59 verbose addRemoteTarball [ 'http://registry.npm.taobao.org/supervisor/download/supervisor-0.11.0.tgz',
59 verbose addRemoteTarball   '3fa869e09c57855aff7128a996d414f4af867d8a' ]
60 info retry fetch attempt 1 at 20:45:31
61 info attempt registry request try #1 at 20:45:31
62 http fetch GET http://registry.npm.taobao.org/supervisor/download/supervisor-0.11.0.tgz
63 http fetch 200 http://registry.npm.taobao.org/supervisor/download/supervisor-0.11.0.tgz
64 silly fetchAndShaCheck shasum 3fa869e09c57855aff7128a996d414f4af867d8a
65 verbose addTmpTarball /var/folders/q6/4zrkhs_x6x96nk0k2xq7k62h0000gn/T/npm-1636-f363a6b0/registry.npm.taobao.org/supervisor/download/supervisor-0.11.0.tgz not in flight; adding
66 verbose addTmpTarball already have metadata; skipping unpack for supervisor@0.11.0
67 verbose correctMkdir /Users/zhangzhenguo/.npm correctMkdir not in flight; initializing
68 silly cache afterAdd supervisor@0.11.0
69 verbose afterAdd /Users/zhangzhenguo/.npm/supervisor/0.11.0/package/package.json not in flight; writing
70 verbose correctMkdir /Users/zhangzhenguo/.npm correctMkdir not in flight; initializing
71 verbose afterAdd /Users/zhangzhenguo/.npm/supervisor/0.11.0/package/package.json written
72 silly loadAllDepsIntoIdealTree Finishing
73 silly loadIdealTree Finishing
74 silly currentTree lib
75 silly idealTree lib
75 silly idealTree └── supervisor@0.11.0
76 silly generateActionsToTake Starting
77 silly install generateActionsToTake
78 warn checkPermissions Missing write access to /usr/local/lib/node_modules
79 silly rollbackFailedOptional Starting
80 silly rollbackFailedOptional Finishing
81 silly runTopLevelLifecycles Starting
82 silly runTopLevelLifecycles Finishing
83 silly install printInstalled
84 verbose stack Error: EACCES: permission denied, access '/usr/local/lib/node_modules'
84 verbose stack     at Error (native)
85 verbose cwd /Users/zhangzhenguo/muip/react_demo/test-kejian/demo1/ke-jian-2/my-nodejs-ke-jian-2
86 error Darwin 15.6.0
87 error argv "/usr/local/bin/node" "/usr/local/bin/npm" "install" "supervisor" "-g"
88 error node v4.4.0
89 error npm  v3.10.5
90 error path /usr/local/lib/node_modules
91 error code EACCES
92 error errno -13
93 error syscall access
94 error Error: EACCES: permission denied, access '/usr/local/lib/node_modules'
94 error     at Error (native)
94 error  { [Error: EACCES: permission denied, access '/usr/local/lib/node_modules']
94 error   errno: -13,
94 error   code: 'EACCES',
94 error   syscall: 'access',
94 error   path: '/usr/local/lib/node_modules' }
95 error Please try running this command again as root/Administrator.
96 verbose exit [ -13, true ]
